{"total": {"lines":{"total":35,"covered":24,"skipped":0,"pct":68.57},"statements":{"total":38,"covered":26,"skipped":0,"pct":68.42},"functions":{"total":19,"covered":12,"skipped":0,"pct":63.15},"branches":{"total":9,"covered":9,"skipped":0,"pct":100},"branchesTrue":{"total":0,"covered":0,"skipped":0,"pct":100}}
,"/Users/ball/Vs_Folder/Simple/Path of the Bros/QNCE_DEMO:ENGINE/qnce-engine/src/index.ts": {"lines":{"total":6,"covered":0,"skipped":0,"pct":0},"functions":{"total":4,"covered":0,"skipped":0,"pct":0},"statements":{"total":7,"covered":0,"skipped":0,"pct":0},"branches":{"total":0,"covered":0,"skipped":0,"pct":100}}
,"/Users/ball/Vs_Folder/Simple/Path of the Bros/QNCE_DEMO:ENGINE/qnce-engine/src/engine/core.ts": {"lines":{"total":28,"covered":24,"skipped":0,"pct":85.71},"functions":{"total":15,"covered":12,"skipped":0,"pct":80},"statements":{"total":30,"covered":26,"skipped":0,"pct":86.66},"branches":{"total":9,"covered":9,"skipped":0,"pct":100}}
,"/Users/ball/Vs_Folder/Simple/Path of the Bros/QNCE_DEMO:ENGINE/qnce-engine/src/engine/demo-story.ts": {"lines":{"total":1,"covered":0,"skipped":0,"pct":0},"functions":{"total":0,"covered":0,"skipped":0,"pct":100},"statements":{"total":1,"covered":0,"skipped":0,"pct":0},"branches":{"total":0,"covered":0,"skipped":0,"pct":100}}
}
