TN:
SF:src/index.ts
FN:3,(anonymous_4)
FN:7,(anonymous_5)
FN:8,(anonymous_6)
FN:9,(anonymous_7)
FNF:4
FNH:0
FNDA:0,(anonymous_4)
FNDA:0,(anonymous_5)
FNDA:0,(anonymous_6)
FNDA:0,(anonymous_7)
DA:2,0
DA:3,0
DA:6,0
DA:7,0
DA:8,0
DA:9,0
LF:6
LH:0
BRF:0
BRH:0
end_of_record
TN:
SF:src/engine/core.ts
FN:30,findNode
FN:31,(anonymous_1)
FN:44,(anonymous_2)
FN:53,(anonymous_3)
FN:57,(anonymous_4)
FN:61,(anonymous_5)
FN:65,(anonymous_6)
FN:69,(anonymous_7)
FN:78,(anonymous_8)
FN:84,(anonymous_9)
FN:89,(anonymous_10)
FN:97,(anonymous_11)
FN:99,(anonymous_12)
FN:109,createQNCEEngine
FN:116,loadStoryData
FNF:15
FNH:12
FNDA:189,findNode
FNDA:347,(anonymous_1)
FNDA:19,(anonymous_2)
FNDA:189,(anonymous_3)
FNDA:4,(anonymous_4)
FNDA:1,(anonymous_5)
FNDA:1,(anonymous_6)
FNDA:158,(anonymous_7)
FNDA:106,(anonymous_8)
FNDA:3,(anonymous_9)
FNDA:3,(anonymous_10)
FNDA:0,(anonymous_11)
FNDA:0,(anonymous_12)
FNDA:19,createQNCEEngine
FNDA:0,loadStoryData
DA:31,347
DA:32,189
DA:33,186
DA:40,1
DA:45,19
DA:46,19
DA:54,189
DA:58,4
DA:62,1
DA:66,1
DA:70,158
DA:71,158
DA:73,158
DA:74,158
DA:79,106
DA:80,106
DA:81,106
DA:85,3
DA:90,3
DA:91,2
DA:93,1
DA:98,0
DA:99,0
DA:101,0
DA:109,1
DA:110,19
DA:116,1
DA:118,0
LF:28
LH:24
BRDA:32,0,0,3
BRDA:47,1,0,19
BRDA:47,1,1,18
BRDA:48,2,0,19
BRDA:48,2,1,18
BRDA:49,3,0,19
BRDA:49,3,1,18
BRDA:73,4,0,158
BRDA:90,5,0,2
BRF:9
BRH:9
end_of_record
TN:
SF:src/engine/demo-story.ts
FNF:0
FNH:0
DA:4,0
LF:1
LH:0
BRF:0
BRH:0
end_of_record
